# JRE version: OpenJDK Runtime Environment (8.0_152-b06) (build 1.8.0_152-release-1136-b06)
# Java VM: OpenJDK 64-Bit Server VM (25.152-b06 mixed mode windows-amd64 compressed oops)
Heap:
 PSYoungGen      total 72704K, used 10756K [0x00000000eab00000, 0x00000000efd00000, 0x0000000100000000)
  eden space 63488K, 3% used [0x00000000eab00000,0x00000000ead68d68,0x00000000ee900000)
  from space 9216K, 89% used [0x00000000ef280000,0x00000000efa98620,0x00000000efb80000)
  to   space 9728K, 0% used [0x00000000ee900000,0x00000000ee900000,0x00000000ef280000)
 ParOldGen       total 41984K, used 14167K [0x00000000c0000000, 0x00000000c2900000, 0x00000000eab00000)
  object space 41984K, 33% used [0x00000000c0000000,0x00000000c0dd5f10,0x00000000c2900000)
 Metaspace       used 33677K, capacity 34376K, committed 34688K, reserved 1079296K
  class space    used 4603K, capacity 4883K, committed 4992K, reserved 1048576K
GC Heap History (10 events):
Event: 10.033 GC heap before
{Heap before GC invocations=7 (full 1):
 PSYoungGen      total 38912K, used 6268K [0x00000000eab00000, 0x00000000eda00000, 0x0000000100000000)
  eden space 30720K, 0% used [0x00000000eab00000,0x00000000eab00000,0x00000000ec900000)
  from space 8192K, 76% used [0x00000000ed200000,0x00000000ed81f068,0x00000000eda00000)
  to   space 8704K, 0% used [0x00000000ec900000,0x00000000ec900000,0x00000000ed180000)
 ParOldGen       total 44032K, used 10895K [0x00000000c0000000, 0x00000000c2b00000, 0x00000000eab00000)
  object space 44032K, 24% used [0x00000000c0000000,0x00000000c0aa3d18,0x00000000c2b00000)
 Metaspace       used 20756K, capacity 21208K, committed 21248K, reserved 1067008K
  class space    used 2891K, capacity 3042K, committed 3072K, reserved 1048576K
Event: 10.098 GC heap after
Heap after GC invocations=7 (full 1):
 PSYoungGen      total 38912K, used 0K [0x00000000eab00000, 0x00000000eda00000, 0x0000000100000000)
  eden space 30720K, 0% used [0x00000000eab00000,0x00000000eab00000,0x00000000ec900000)
  from space 8192K, 0% used [0x00000000ed200000,0x00000000ed200000,0x00000000eda00000)
  to   space 8704K, 0% used [0x00000000ec900000,0x00000000ec900000,0x00000000ed180000)
 ParOldGen       total 41984K, used 11551K [0x00000000c0000000, 0x00000000c2900000, 0x00000000eab00000)
  object space 41984K, 27% used [0x00000000c0000000,0x00000000c0b47ed0,0x00000000c2900000)
 Metaspace       used 20756K, capacity 21208K, committed 21248K, reserved 1067008K
  class space    used 2891K, capacity 3042K, committed 3072K, reserved 1048576K
}
Event: 12.251 GC heap before
{Heap before GC invocations=8 (full 1):
 PSYoungGen      total 38912K, used 30720K [0x00000000eab00000, 0x00000000eda00000, 0x0000000100000000)
  eden space 30720K, 100% used [0x00000000eab00000,0x00000000ec900000,0x00000000ec900000)
  from space 8192K, 0% used [0x00000000ed200000,0x00000000ed200000,0x00000000eda00000)
  to   space 8704K, 0% used [0x00000000ec900000,0x00000000ec900000,0x00000000ed180000)
 ParOldGen       total 41984K, used 11551K [0x00000000c0000000, 0x00000000c2900000, 0x00000000eab00000)
  object space 41984K, 27% used [0x00000000c0000000,0x00000000c0b47ed0,0x00000000c2900000)
 Metaspace       used 25637K, capacity 26088K, committed 26368K, reserved 1073152K
  class space    used 3384K, capacity 3537K, committed 3584K, reserved 1048576K
Event: 12.268 GC heap after
Heap after GC invocations=8 (full 1):
 PSYoungGen      total 39424K, used 4552K [0x00000000eab00000, 0x00000000ee900000, 0x0000000100000000)
  eden space 30720K, 0% used [0x00000000eab00000,0x00000000eab00000,0x00000000ec900000)
  from space 8704K, 52% used [0x00000000ec900000,0x00000000ecd723e0,0x00000000ed180000)
  to   space 8192K, 0% used [0x00000000ee100000,0x00000000ee100000,0x00000000ee900000)
 ParOldGen       total 41984K, used 11559K [0x00000000c0000000, 0x00000000c2900000, 0x00000000eab00000)
  object space 41984K, 27% used [0x00000000c0000000,0x00000000c0b49ed0,0x00000000c2900000)
 Metaspace       used 25637K, capacity 26088K, committed 26368K, reserved 1073152K
  class space    used 3384K, capacity 3537K, committed 3584K, reserved 1048576K
}
Event: 13.446 GC heap before
{Heap before GC invocations=9 (full 1):
 PSYoungGen      total 39424K, used 35272K [0x00000000eab00000, 0x00000000ee900000, 0x0000000100000000)
  eden space 30720K, 100% used [0x00000000eab00000,0x00000000ec900000,0x00000000ec900000)
  from space 8704K, 52% used [0x00000000ec900000,0x00000000ecd723e0,0x00000000ed180000)
  to   space 8192K, 0% used [0x00000000ee100000,0x00000000ee100000,0x00000000ee900000)
 ParOldGen       total 41984K, used 11559K [0x00000000c0000000, 0x00000000c2900000, 0x00000000eab00000)
  object space 41984K, 27% used [0x00000000c0000000,0x00000000c0b49ed0,0x00000000c2900000)
 Metaspace       used 27801K, capacity 28244K, committed 28544K, reserved 1073152K
  class space    used 3759K, capacity 3891K, committed 3968K, reserved 1048576K
Event: 13.454 GC heap after
Heap after GC invocations=9 (full 1):
 PSYoungGen      total 55296K, used 5516K [0x00000000eab00000, 0x00000000ee900000, 0x0000000100000000)
  eden space 47104K, 0% used [0x00000000eab00000,0x00000000eab00000,0x00000000ed900000)
  from space 8192K, 67% used [0x00000000ee100000,0x00000000ee6632f0,0x00000000ee900000)
  to   space 8192K, 0% used [0x00000000ed900000,0x00000000ed900000,0x00000000ee100000)
 ParOldGen       total 41984K, used 11567K [0x00000000c0000000, 0x00000000c2900000, 0x00000000eab00000)
  object space 41984K, 27% used [0x00000000c0000000,0x00000000c0b4bed0,0x00000000c2900000)
 Metaspace       used 27801K, capacity 28244K, committed 28544K, reserved 1073152K
  class space    used 3759K, capacity 3891K, committed 3968K, reserved 1048576K
}
Event: 15.777 GC heap before
{Heap before GC invocations=10 (full 1):
 PSYoungGen      total 55296K, used 52620K [0x00000000eab00000, 0x00000000ee900000, 0x0000000100000000)
  eden space 47104K, 100% used [0x00000000eab00000,0x00000000ed900000,0x00000000ed900000)
  from space 8192K, 67% used [0x00000000ee100000,0x00000000ee6632f0,0x00000000ee900000)
  to   space 8192K, 0% used [0x00000000ed900000,0x00000000ed900000,0x00000000ee100000)
 ParOldGen       total 41984K, used 11567K [0x00000000c0000000, 0x00000000c2900000, 0x00000000eab00000)
  object space 41984K, 27% used [0x00000000c0000000,0x00000000c0b4bed0,0x00000000c2900000)
 Metaspace       used 30853K, capacity 31562K, committed 31744K, reserved 1077248K
  class space    used 4109K, capacity 4349K, committed 4352K, reserved 1048576K
Event: 15.811 GC heap after
Heap after GC invocations=10 (full 1):
 PSYoungGen      total 55296K, used 8017K [0x00000000eab00000, 0x00000000efb80000, 0x0000000100000000)
  eden space 47104K, 0% used [0x00000000eab00000,0x00000000eab00000,0x00000000ed900000)
  from space 8192K, 97% used [0x00000000ed900000,0x00000000ee0d46c8,0x00000000ee100000)
  to   space 9216K, 0% used [0x00000000ef280000,0x00000000ef280000,0x00000000efb80000)
 ParOldGen       total 41984K, used 11575K [0x00000000c0000000, 0x00000000c2900000, 0x00000000eab00000)
  object space 41984K, 27% used [0x00000000c0000000,0x00000000c0b4ded0,0x00000000c2900000)
 Metaspace       used 30853K, capacity 31562K, committed 31744K, reserved 1077248K
  class space    used 4109K, capacity 4349K, committed 4352K, reserved 1048576K
}
Event: 17.757 GC heap before
{Heap before GC invocations=11 (full 1):
 PSYoungGen      total 55296K, used 55121K [0x00000000eab00000, 0x00000000efb80000, 0x0000000100000000)
  eden space 47104K, 100% used [0x00000000eab00000,0x00000000ed900000,0x00000000ed900000)
  from space 8192K, 97% used [0x00000000ed900000,0x00000000ee0d46c8,0x00000000ee100000)
  to   space 9216K, 0% used [0x00000000ef280000,0x00000000ef280000,0x00000000efb80000)
 ParOldGen       total 41984K, used 11575K [0x00000000c0000000, 0x00000000c2900000, 0x00000000eab00000)
  object space 41984K, 27% used [0x00000000c0000000,0x00000000c0b4ded0,0x00000000c2900000)
 Metaspace       used 33587K, capacity 34344K, committed 34560K, reserved 1079296K
  class space    used 4593K, capacity 4851K, committed 4864K, reserved 1048576K
Event: 17.779 GC heap after
Heap after GC invocations=11 (full 1):
 PSYoungGen      total 72704K, used 8289K [0x00000000eab00000, 0x00000000efd00000, 0x0000000100000000)
  eden space 63488K, 0% used [0x00000000eab00000,0x00000000eab00000,0x00000000ee900000)
  from space 9216K, 89% used [0x00000000ef280000,0x00000000efa98620,0x00000000efb80000)
  to   space 9728K, 0% used [0x00000000ee900000,0x00000000ee900000,0x00000000ef280000)
 ParOldGen       total 41984K, used 14167K [0x00000000c0000000, 0x00000000c2900000, 0x00000000eab00000)
  object space 41984K, 33% used [0x00000000c0000000,0x00000000c0dd5f10,0x00000000c2900000)
 Metaspace       used 33587K, capacity 34344K, committed 34560K, reserved 1079296K
  class space    used 4593K, capacity 4851K, committed 4864K, reserved 1048576K
}

